<?xml version="1.0" encoding="UTF-8"?>
<testsuite name="com.studentapp.cucumber.StudentRunner" time="7.951" tests="2" errors="0" skipped="0" failures="0">
  <properties>
    <property name="java.runtime.name" value="Java(TM) SE Runtime Environment"/>
    <property name="cucumber.options" value=" --tags @SMOKE"/>
    <property name="sun.boot.library.path" value="C:\Program Files (x86)\Java\jdk1.8.0_45\jre\bin"/>
    <property name="java.vm.version" value="25.45-b02"/>
    <property name="java.vm.vendor" value="Oracle Corporation"/>
    <property name="maven.multiModuleProjectDirectory" value="K:\TestingFrameWork\2_sernity_bdd\EclpiseSernity\StudentApp"/>
    <property name="java.vendor.url" value="http://java.oracle.com/"/>
    <property name="path.separator" value=";"/>
    <property name="guice.disable.misplaced.annotation.check" value="true"/>
    <property name="java.vm.name" value="Java HotSpot(TM) Client VM"/>
    <property name="file.encoding.pkg" value="sun.io"/>
    <property name="user.script" value=""/>
    <property name="user.country" value="US"/>
    <property name="sun.java.launcher" value="SUN_STANDARD"/>
    <property name="sun.os.patch.level" value=""/>
    <property name="java.vm.specification.name" value="Java Virtual Machine Specification"/>
    <property name="user.dir" value="K:\TestingFrameWork\2_sernity_bdd\EclpiseSernity\StudentApp"/>
    <property name="java.runtime.version" value="1.8.0_45-b15"/>
    <property name="java.awt.graphicsenv" value="sun.awt.Win32GraphicsEnvironment"/>
    <property name="java.endorsed.dirs" value="C:\Program Files (x86)\Java\jdk1.8.0_45\jre\lib\endorsed"/>
    <property name="os.arch" value="x86"/>
    <property name="java.io.tmpdir" value="C:\Users\avinash.t\AppData\Local\Temp\"/>
    <property name="line.separator" value="&#10;"/>
    <property name="java.vm.specification.vendor" value="Oracle Corporation"/>
    <property name="user.variant" value=""/>
    <property name="os.name" value="Windows 8.1"/>
    <property name="classworlds.conf" value="K:\TestingFrameWork\2_sernity_bdd\EclpiseSernity\.metadata\.plugins\org.eclipse.m2e.launching\launches\m2conf8980566722571471421.tmp"/>
    <property name="sun.jnu.encoding" value="Cp1252"/>
    <property name="java.library.path" value="C:\Program Files (x86)\Java\jdk1.8.0_45\bin;C:\Windows\Sun\Java\bin;C:\Windows\system32;C:\Windows;C:/Program Files (x86)/Java/jre1.8.0_181/bin/client;C:/Program Files (x86)/Java/jre1.8.0_181/bin;C:/Program Files (x86)/Java/jre1.8.0_181/lib/i386;C:\Program Files (x86)\Microsoft SDKs\Azure\CLI2\wbin;C:\Program Files (x86)\Common Files\Oracle\Java\javapath;GRAPHVIZ_DOT;&quot;C:\Progra~1\Java\jdk1.8.0_45\bin&quot;;C:\ProgramData\Oracle\Java\javapath;C:\Program Files (x86)\Intel\TXE Components\TCS\;C:\Program Files\Intel\TXE Components\TCS\;C:\Windows\system32;C:\Windows;C:\Windows\System32\Wbem;C:\Windows\System32\WindowsPowerShell\v1.0\;C:\Program Files\Hewlett-Packard\SimplePass\;C:\Program Files (x86)\Windows Live\Shared;C:\Program Files (x86)\Microsoft ASP.NET\ASP.NET Web Pages\v1.0\;C:\Program Files\Microsoft SQL Server\110\Tools\Binn\;C:\Program Files\Microsoft\Web Platform Installer\;c:\Program Files (x86)\Microsoft SQL Server\110\Tools\Binn\;c:\Program Files (x86)\Microsoft SQL Server\110\DTS\Binn\;C:\Program Files\Calibre2\;exit;C:\Program Files\nodejs;C:\Program Files\MySQL\MySQL Utilities 1.6\;&quot;C:\Users\avinash.t\AppData\Local\Android\sdk\platform-tools&quot;;C:\Program Files (x86)\GtkSharp\2.12\bin;C:\PROGRA~2\Groovy\GROOVY~1.7\bin;C:\Program Files (x86)\Brackets\command;C:\Program Files (x86)\QuickTime\QTSystem\;C:\Program Files\Cloud Foundry;&quot;F:\Javascript_Tech\Eclipse_Java_EE\Gradle\gradle-3.4.1\bin&quot;;C:\Program Files\Microsoft Network Monitor 3\;C:\Users\avinash.t\Anaconda3\Scripts;&quot;C:\Progra~1\Java\jdk1.8.0_101&quot;\bin;C:\strawberry\c\bin;C:\strawberry\perl\bin;C:\Yarn\bin;C:\Program Files\nodejs\;C:\Program Files\Git LFS;C:\ProgramData\chocolatey\bin;C:\Program Files (x86)\Windows Kits\8.1\Windows Performance Toolkit\;&quot;C:\Program Files (x86)\Geth&quot;;C:\Program Files\Git\cmd;C:\Program Files\Git\mingw64\bin;C:\Program Files\Git\usr\bin;C:\OpenCv3.2.0\build\install\x64\vc14\bin;C:\Program Files\CMake\bin;C:\Program Files (x86)\Google\Cloud SDK\google-cloud-sdk\bin;C:\MinGW\bin;C:\swigwin-3.0.12;C:\Users\avinash.t\.windows-build-tools\python27\;C:\Users\avinash.t\AppData\Roaming\npm\node_modules\npm\bin\node-gyp-bin;C:\Users\avinash.t\AppData\Roaming\npm\node_modules\windows-build-tools\node_modules\.bin;C:\Users\avinash.t\AppData\Roaming\npm\node_modules\.bin;&quot;C:\Progra~1\Java\jdk1.8.0_45\bin&quot;;C:\ProgramData\Oracle\Java\javapath;C:\Program Files (x86)\Intel\TXE Components\TCS\;C:\Program Files\Intel\TXE Components\TCS\;C:\Windows\system32;C:\Windows;C:\Windows\System32\Wbem;C:\Windows\System32\WindowsPowerShell\v1.0\;C:\Program Files\Hewlett-Packard\SimplePass\;C:\Program Files (x86)\Windows Live\Shared;C:\Program Files (x86)\Microsoft ASP.NET\ASP.NET Web Pages\v1.0\;C:\Program Files (x86)\Windows Kits\8.0\Windows Performance Toolkit\;C:\Program Files\Microsoft SQL Server\110\Tools\Binn\;C:\Program Files\Microsoft\Web Platform Installer\;c:\Program Files (x86)\Microsoft SQL Server\110\Tools\Binn\;c:\Program Files (x86)\Microsoft SQL Server\110\DTS\Binn\;C:\Program Files\Calibre2\;exit;C:\Program Files\nodejs;C:\Program Files\MySQL\MySQL Utilities 1.6\;&quot;C:\Users\avinash.t\AppData\Local\Android\sdk\platform-tools&quot;;C:\Program Files (x86)\GtkSharp\2.12\bin;C:\PROGRA~2\Groovy\GROOVY~1.7\bin;C:\Program Files (x86)\Brackets\command;C:\Program Files (x86)\QuickTime\QTSystem\;C:\Program Files\Cloud Foundry;&quot;F:\Javascript_Tech\Eclipse_Java_EE\Gradle\gradle-3.4.1\bin&quot;;C:\Program Files (x86)\Skype\Phone\;C:\Program Files\Microsoft Network Monitor 3\;C:\Users\avinash.t\Anaconda3\Scripts;&quot;C:\Progra~1\Java\jdk1.8.0_101&quot;\bin;C:\strawberry\perl\bin;C:\Yarn\bin;C:\Program Files\nodejs\;C:\Program Files\Git LFS;C:\ProgramData\chocolatey\bin;C:\Program Files\Git\cmd;C:\Program Files\Git\mingw64\bin;C:\Program Files\Git\usr\bin;C:\Program Files (x86)\Microsoft VS Code\bin;C:\Program Files\MongoDB\Server\3.2\bin;C:\Phyton;C:\jdk\bin;c:\spark\bin;C:\Users\avinash.t\AppData\Local\Yarn\bin;C:\Users\avinash.t\AppData\Roaming\npm;F:\Javascript_Tech\Maven\apache-maven-3.5.4\bin;C:\OpenCv3.2.0\build\install\x64\vc14\bin;C:\MinGW\bin;C:\swigwin-3.0.12;L:\EclpiseProjectSpark\STS\sts36\sts-bundle\sts-3.8.4.RELEASE;;."/>
    <property name="java.specification.name" value="Java Platform API Specification"/>
    <property name="java.class.version" value="52.0"/>
    <property name="sun.management.compiler" value="HotSpot Client Compiler"/>
    <property name="os.version" value="6.3"/>
    <property name="user.home" value="C:\Users\avinash.t"/>
    <property name="user.timezone" value="America/Denver"/>
    <property name="java.awt.printerjob" value="sun.awt.windows.WPrinterJob"/>
    <property name="java.specification.version" value="1.8"/>
    <property name="file.encoding" value="Cp1252"/>
    <property name="user.name" value="avinash.t"/>
    <property name="java.class.path" value="/L:/EclpiseProjectSpark/STS/sts36/sts-bundle/sts-3.8.4.RELEASE/plugins/org.eclipse.m2e.maven.runtime_1.8.1.20170728-1531/jars/plexus-classworlds-2.5.2.jar"/>
    <property name="java.vm.specification.version" value="1.8"/>
    <property name="sun.arch.data.model" value="32"/>
    <property name="java.home" value="C:\Program Files (x86)\Java\jdk1.8.0_45\jre"/>
    <property name="sun.java.command" value="org.codehaus.plexus.classworlds.launcher.Launcher -B clean verify -Dcucumber.options= --tags @SMOKE serenity:aggregate"/>
    <property name="java.specification.vendor" value="Oracle Corporation"/>
    <property name="user.language" value="en"/>
    <property name="awt.toolkit" value="sun.awt.windows.WToolkit"/>
    <property name="java.vm.info" value="mixed mode"/>
    <property name="java.version" value="1.8.0_45"/>
    <property name="java.ext.dirs" value="C:\Program Files (x86)\Java\jdk1.8.0_45\jre\lib\ext;C:\Windows\Sun\Java\lib\ext"/>
    <property name="sun.boot.class.path" value="C:\Program Files (x86)\Java\jdk1.8.0_45\jre\lib\resources.jar;C:\Program Files (x86)\Java\jdk1.8.0_45\jre\lib\rt.jar;C:\Program Files (x86)\Java\jdk1.8.0_45\jre\lib\sunrsasign.jar;C:\Program Files (x86)\Java\jdk1.8.0_45\jre\lib\jsse.jar;C:\Program Files (x86)\Java\jdk1.8.0_45\jre\lib\jce.jar;C:\Program Files (x86)\Java\jdk1.8.0_45\jre\lib\charsets.jar;C:\Program Files (x86)\Java\jdk1.8.0_45\jre\lib\jfr.jar;C:\Program Files (x86)\Java\jdk1.8.0_45\jre\classes"/>
    <property name="java.vendor" value="Oracle Corporation"/>
    <property name="maven.home" value="K:\TestingFrameWork\2_sernity_bdd\EclpiseSernity\StudentApp\EMBEDDED"/>
    <property name="file.separator" value="\"/>
    <property name="java.vendor.url.bug" value="http://bugreport.sun.com/bugreport/"/>
    <property name="sun.cpu.endian" value="little"/>
    <property name="sun.io.unicode.encoding" value="UnicodeLittle"/>
    <property name="sun.desktop" value="windows"/>
    <property name="sun.cpu.isalist" value="pentium_pro+mmx pentium_pro pentium+mmx pentium i486 i386 i86"/>
  </properties>
  <testcase name="When User sends a GET request to the list endpoint,they must get back a valid status code 200" classname="Scenario: Check if the student application can be accessed by users" time="0.007"/>
  <testcase name="Scenario: Check if the student application can be accessed by users" classname="Scenario: Check if the student application can be accessed by users" time="7.944"/>
</testsuite>